1523756603795	geckodriver	INFO	geckodriver 0.20.1
1523756603871	geckodriver	INFO	Listening on 127.0.0.1:49985
1523756606871	mozrunner::runner	INFO	Running command: "C:\\Program Files\\Mozilla Firefox\\firefox.exe" "-marionette" "-profile" "V:\\Temp\\rust_mozprofile.IE0hZuiMGW4z"
Unable to read VR Path Registry from C:\Users\zacha\AppData\Local\openvr\openvrpaths.vrpath
1523756607290	Marionette	INFO	Enabled via --marionette
Unable to read VR Path Registry from C:\Users\zacha\AppData\Local\openvr\openvrpaths.vrpath
Unable to read VR Path Registry from C:\Users\zacha\AppData\Local\openvr\openvrpaths.vrpath
Unable to read VR Path Registry from C:\Users\zacha\AppData\Local\openvr\openvrpaths.vrpath
Unable to read VR Path Registry from C:\Users\zacha\AppData\Local\openvr\openvrpaths.vrpath
1523756608344	Marionette	INFO	Listening on port 49993
1523756608382	Marionette	WARN	TLS certificate errors will be ignored for this session
[Parent 14012, Gecko_IOThread] WARNING: pipe error: 109: file z:/build/build/src/ipc/chromium/src/chrome/common/ipc_channel_win.cc, line 346
[Parent 14012, Gecko_IOThread] WARNING: pipe error: 109: file z:/build/build/src/ipc/chromium/src/chrome/common/ipc_channel_win.cc, line 346
[Child 4496, Chrome_ChildThread] WARNING: pipe error: 109: file z:/build/build/src/ipc/chromium/src/chrome/common/ipc_channel_win.cc, line 346
[Child 4496, Chrome_ChildThread] WARNING: [Child 11728, Chrome_ChildThread] WARNING: pipe error: 109: file z:/build/build/src/ipc/chromium/src/chrome/common/ipc_channel_win.cc, line 346
[Child 11728, Chrome_ChildThread] WARNING: pipe error: 109: file z:/build/build/src/ipc/chromium/[Child 14240, Chrome_ChildThread] WARNING: pipe error: 109: file z:/build/build/src/ipc/chromium/src/chrome/common/ipc_channel_win.cc, line 346
[Child 14240, Chrome_ChildThread] WARNING: pipe err*** UTM:SVC TimerManager:registerTimer called after profile-before-change notification. Ignoring timer registration for id: telemetry_modules_ping
[GPU 2880, Chrome_ChildT
###!!! [Child][MessageChannel::SendAndWait] Error: Channel error: cannot send/recv

ARNING: pipe error: 109: file z:/build/build/src/ipc/chromium/src/chrome/co
###!!! [Child][MessageChannel::SendAndWait] Error: Channel error: cannot send/recv

