12:10 100 i,j,k 4.439000 zhijia-VirtualBox zhijia
12:10 100 i,k,j 3.800000 zhijia-VirtualBox zhijia
12:10 100 j,i,k 4.012000 zhijia-VirtualBox zhijia
12:10 100 j,k,i 3.271000 zhijia-VirtualBox zhijia
12:10 100 k,i,j 3.730000 zhijia-VirtualBox zhijia
12:10 100 k,j,i 3.715000 zhijia-VirtualBox zhijia
12:10 200 i,j,k 31.950000 zhijia-VirtualBox zhijia
12:10 200 i,k,j 26.385000 zhijia-VirtualBox zhijia
12:10 200 j,i,k 30.153000 zhijia-VirtualBox zhijia
12:10 200 j,k,i 26.055000 zhijia-VirtualBox zhijia
12:10 200 k,i,j 32.398000 zhijia-VirtualBox zhijia
12:10 200 k,j,i 31.963000 zhijia-VirtualBox zhijia
12:10 300 i,j,k 109.042000 zhijia-VirtualBox zhijia
12:10 300 i,k,j 87.878000 zhijia-VirtualBox zhijia
12:10 300 j,i,k 102.172000 zhijia-VirtualBox zhijia
12:10 300 j,k,i 87.162000 zhijia-VirtualBox zhijia
12:10 300 k,i,j 120.393000 zhijia-VirtualBox zhijia
12:10 300 k,j,i 118.584000 zhijia-VirtualBox zhijia
12:10 400 i,j,k 265.684000 zhijia-VirtualBox zhijia
12:10 400 i,k,j 207.506000 zhijia-VirtualBox zhijia
12:10 400 j,i,k 252.115000 zhijia-VirtualBox zhijia
12:10 400 j,k,i 206.979000 zhijia-VirtualBox zhijia
12:10 400 k,i,j 283.933000 zhijia-VirtualBox zhijia
12:10 400 k,j,i 282.480000 zhijia-VirtualBox zhijia
12:10 500 i,j,k 551.015000 zhijia-VirtualBox zhijia
12:10 500 i,k,j 405.614000 zhijia-VirtualBox zhijia
12:10 500 j,i,k 521.214000 zhijia-VirtualBox zhijia
12:10 500 j,k,i 401.907000 zhijia-VirtualBox zhijia
12:10 500 k,i,j 565.208000 zhijia-VirtualBox zhijia
12:10 500 k,j,i 570.306000 zhijia-VirtualBox zhijia
12:10 600 i,j,k 1091.523000 zhijia-VirtualBox zhijia
12:10 600 i,k,j 697.404000 zhijia-VirtualBox zhijia
12:10 600 j,i,k 1008.915000 zhijia-VirtualBox zhijia
12:10 600 j,k,i 692.826000 zhijia-VirtualBox zhijia
12:10 600 k,i,j 1422.432000 zhijia-VirtualBox zhijia
12:10 600 k,j,i 1417.386000 zhijia-VirtualBox zhijia
12:10 700 i,j,k 1553.133000 zhijia-VirtualBox zhijia
12:10 700 i,k,j 1104.404000 zhijia-VirtualBox zhijia
12:10 700 j,i,k 1436.874000 zhijia-VirtualBox zhijia
12:10 700 j,k,i 1099.573000 zhijia-VirtualBox zhijia
12:10 700 k,i,j 2146.924000 zhijia-VirtualBox zhijia
12:10 700 k,j,i 2139.049000 zhijia-VirtualBox zhijia
12:10 800 i,j,k 2412.271000 zhijia-VirtualBox zhijia
12:10 800 i,k,j 1672.202000 zhijia-VirtualBox zhijia
12:10 800 j,i,k 2142.816000 zhijia-VirtualBox zhijia
12:10 800 j,k,i 1641.292000 zhijia-VirtualBox zhijia
12:10 800 k,i,j 4033.397000 zhijia-VirtualBox zhijia
12:10 800 k,j,i 4023.465000 zhijia-VirtualBox zhijia
12:10 900 i,j,k 3586.173000 zhijia-VirtualBox zhijia
12:11 900 i,k,j 2355.093000 zhijia-VirtualBox zhijia
12:11 900 j,i,k 3243.633000 zhijia-VirtualBox zhijia
12:11 900 j,k,i 2341.884000 zhijia-VirtualBox zhijia
12:11 900 k,i,j 7096.127000 zhijia-VirtualBox zhijia
12:11 900 k,j,i 7049.751000 zhijia-VirtualBox zhijia
12:11 1000 i,j,k 5284.156000 zhijia-VirtualBox zhijia
12:11 1000 i,k,j 3235.011000 zhijia-VirtualBox zhijia
12:11 1000 j,i,k 4414.437000 zhijia-VirtualBox zhijia
12:11 1000 j,k,i 3223.134000 zhijia-VirtualBox zhijia
12:11 1000 k,i,j 11143.542000 zhijia-VirtualBox zhijia
12:11 1000 k,j,i 11017.323000 zhijia-VirtualBox zhijia
